<?xml version="1.0" encoding="UTF-8"?>
<testsuite xmlns:xsi="http://www.w3.org/2001/XMLSchema-instance" xsi:noNamespaceSchemaLocation="https://maven.apache.org/surefire/maven-surefire-plugin/xsd/surefire-test-report-3.0.xsd" version="3.0" name="br.com.fiap.trafego.TrafegoApplicationTests" time="14.261" tests="1" errors="0" skipped="0" failures="0">
  <properties>
[...]
</properties>
  <testcase name="contextLoads" classname="br.com.fiap.trafego.TrafegoApplicationTests" time="0.913">
    <system-out><![CDATA[23:38:17.784 [main] INFO org.springframework.test.context.support.AnnotationConfigContextLoaderUtils -- Could not detect default configuration classes for test class [br.com.fiap.trafego.TrafegoApplicationTests]: TrafegoApplicationTests does not declare any static, non-private, non-final, nested classes annotated with @Configuration.
23:38:17.940 [main] INFO org.springframework.boot.test.context.SpringBootTestContextBootstrapper -- Found @SpringBootConfiguration br.com.fiap.trafego.TrafegoApplication for test class br.com.fiap.trafego.TrafegoApplicationTests
23:38:18.168 [main] INFO org.springframework.boot.devtools.restart.RestartApplicationListener -- Restart disabled due to context in which it is running

  .   ____          _            __ _ _
 /\\ / ___'_ __ _ _(_)_ __  __ _ \ \ \ \
( ( )\___ | '_ | '_| | '_ \/ _` | \ \ \ \
 \\/  ___)| |_)| | | | | || (_| |  ) ) ) )
  '  |____| .__|_| |_|_| |_\__, | / / / /
 =========|_|==============|___/=/_/_/_/
 :: Spring Boot ::                (v3.2.5)

2024-05-27T23:38:18.543-03:00  INFO 357051 --- [trafego] [           main] b.c.f.trafego.TrafegoApplicationTests    : Starting TrafegoApplicationTests using Java 17.0.11 with PID 357051 (started by ebg in /home/ebg/Documents/fiap/trafego)
2024-05-27T23:38:18.545-03:00  INFO 357051 --- [trafego] [           main] b.c.f.trafego.TrafegoApplicationTests    : No active profile set, falling back to 1 default profile: "default"
2024-05-27T23:38:19.514-03:00  INFO 357051 --- [trafego] [           main] .s.d.r.c.RepositoryConfigurationDelegate : Bootstrapping Spring Data JPA repositories in DEFAULT mode.
2024-05-27T23:38:19.605-03:00  INFO 357051 --- [trafego] [           main] .s.d.r.c.RepositoryConfigurationDelegate : Finished Spring Data repository scanning in 79 ms. Found 4 JPA repository interfaces.
2024-05-27T23:38:20.456-03:00  INFO 357051 --- [trafego] [           main] com.zaxxer.hikari.HikariDataSource       : HikariPool-1 - Starting...
2024-05-27T23:38:23.207-03:00  INFO 357051 --- [trafego] [           main] com.zaxxer.hikari.pool.HikariPool        : HikariPool-1 - Added connection oracle.jdbc.driver.T4CConnection@6d293993
2024-05-27T23:38:23.213-03:00  INFO 357051 --- [trafego] [           main] com.zaxxer.hikari.HikariDataSource       : HikariPool-1 - Start completed.
2024-05-27T23:38:23.300-03:00  INFO 357051 --- [trafego] [           main] o.hibernate.jpa.internal.util.LogHelper  : HHH000204: Processing PersistenceUnitInfo [name: default]
2024-05-27T23:38:23.368-03:00  INFO 357051 --- [trafego] [           main] org.hibernate.Version                    : HHH000412: Hibernate ORM core version 6.4.4.Final
2024-05-27T23:38:23.413-03:00  INFO 357051 --- [trafego] [           main] o.h.c.internal.RegionFactoryInitiator    : HHH000026: Second-level cache disabled
2024-05-27T23:38:23.725-03:00  INFO 357051 --- [trafego] [           main] o.s.o.j.p.SpringPersistenceUnitInfo      : No LoadTimeWeaver setup: ignoring JPA class transformer
2024-05-27T23:38:25.051-03:00  WARN 357051 --- [trafego] [           main] org.hibernate.dialect.Dialect            : HHH000511: The 12.1.0 version for [org.hibernate.dialect.OracleDialect] is no longer supported, hence certain features may not work properly. The minimum supported version is 19.0.0. Check the community dialects project for available legacy versions.
2024-05-27T23:38:27.334-03:00  INFO 357051 --- [trafego] [           main] o.h.m.i.EntityInstantiatorPojoStandard   : HHH000182: No default (no-argument) constructor for class: br.com.fiap.trafego.model.Cruzamento (class must be instantiated by Interceptor)
Hibernate: 
    create global temporary table HTE_t_previsao(ds_hora timestamp(6), ds_melhor_alternativa number(1, 0), nr_carros number(10, 0), rn_ number(10, 0) not null, id_cruzamento number(19, 0), id_previsao number(19, 0), primary key (rn_)) 
        on commit delete rows
Hibernate: 
    create global temporary table HTE_t_registro(dt_hora_abertura timestamp(6), dt_hora_fechamento timestamp(6), nr_carros number(10, 0), rn_ number(10, 0) not null, id_cruzamento number(19, 0), id_registro number(19, 0), primary key (rn_)) 
        on commit delete rows
Hibernate: 
    create global temporary table HTE_t_horario_pico(ds_hora_inicio timestamp(6), ds_hora_termino timestamp(6), rn_ number(10, 0) not null, id_cruzamento number(19, 0), id_pico number(19, 0), primary key (rn_)) 
        on commit delete rows
Hibernate: 
    create global temporary table HTE_t_cruzamento(rn_ number(10, 0) not null, id_cruzamento number(19, 0), ds_logradouro_1 varchar2(255 char), ds_logradouro_2 varchar2(255 char), primary key (rn_)) 
        on commit delete rows
2024-05-27T23:38:29.606-03:00  INFO 357051 --- [trafego] [           main] o.h.e.t.j.p.i.JtaPlatformInitiator       : HHH000489: No JTA platform available (set 'hibernate.transaction.jta.platform' to enable JTA platform integration)
2024-05-27T23:38:29.610-03:00  INFO 357051 --- [trafego] [           main] j.LocalContainerEntityManagerFactoryBean : Initialized JPA EntityManagerFactory for persistence unit 'default'
2024-05-27T23:38:30.192-03:00  WARN 357051 --- [trafego] [           main] JpaBaseConfiguration$JpaWebConfiguration : spring.jpa.open-in-view is enabled by default. Therefore, database queries may be performed during view rendering. Explicitly configure spring.jpa.open-in-view to disable this warning
2024-05-27T23:38:30.840-03:00  INFO 357051 --- [trafego] [           main] b.c.f.trafego.TrafegoApplicationTests    : Started TrafegoApplicationTests in 12.689 seconds (process running for 14.343)
]]></system-out>
  </testcase>
</testsuite>